d:\desktop\udiskcopyier\udiskcopier\udiskcopier\x64\debug\udiskcopier.pch
d:\desktop\udiskcopyier\udiskcopier\udiskcopier\x64\debug\vc143.pdb
d:\desktop\udiskcopyier\udiskcopier\udiskcopier\x64\debug\vc143.idb
d:\desktop\udiskcopyier\udiskcopier\udiskcopier\x64\debug\pch.obj
d:\desktop\udiskcopyier\udiskcopier\udiskcopier\x64\debug\udiskcopier.obj
d:\desktop\udiskcopyier\udiskcopier\udiskcopier\x64\debug\udiskcopierdlg.obj
d:\desktop\udiskcopyier\udiskcopier\x64\debug\udiskcopier.exe
d:\desktop\udiskcopyier\udiskcopier\udiskcopier\x64\debug\udiskcopier.ilk
d:\desktop\udiskcopyier\udiskcopier\x64\debug\udiskcopier.pdb
d:\desktop\udiskcopyier\udiskcopier\udiskcopier\x64\debug\udiskcopier.res
d:\desktop\udiskcopyier\udiskcopier\udiskcopier\x64\debug\udiskcopier.tlog\cl.command.1.tlog
d:\desktop\udiskcopyier\udiskcopier\udiskcopier\x64\debug\udiskcopier.tlog\cl.items.tlog
d:\desktop\udiskcopyier\udiskcopier\udiskcopier\x64\debug\udiskcopier.tlog\cl.read.1.tlog
d:\desktop\udiskcopyier\udiskcopier\udiskcopier\x64\debug\udiskcopier.tlog\cl.write.1.tlog
d:\desktop\udiskcopyier\udiskcopier\udiskcopier\x64\debug\udiskcopier.tlog\link.command.1.tlog
d:\desktop\udiskcopyier\udiskcopier\udiskcopier\x64\debug\udiskcopier.tlog\link.read.1.tlog
d:\desktop\udiskcopyier\udiskcopier\udiskcopier\x64\debug\udiskcopier.tlog\link.write.1.tlog
d:\desktop\udiskcopyier\udiskcopier\udiskcopier\x64\debug\udiskcopier.tlog\rc.command.1.tlog
d:\desktop\udiskcopyier\udiskcopier\udiskcopier\x64\debug\udiskcopier.tlog\rc.read.1.tlog
d:\desktop\udiskcopyier\udiskcopier\udiskcopier\x64\debug\udiskcopier.tlog\rc.write.1.tlog
